c:\users\juser\documents\development\mimikatz-2.2.0-samcats\mimikatz-2.2.0-20200308\mimikatz\x64\kull_m_pipe.obj
c:\users\juser\documents\development\mimikatz-2.2.0-samcats\mimikatz-2.2.0-20200308\mimikatz\x64\kull_m_patch.obj
c:\users\juser\documents\development\mimikatz-2.2.0-samcats\mimikatz-2.2.0-20200308\mimikatz\x64\kull_m_output.obj
c:\users\juser\documents\development\mimikatz-2.2.0-samcats\mimikatz-2.2.0-20200308\mimikatz\x64\kull_m_minidump.obj
c:\users\juser\documents\development\mimikatz-2.2.0-samcats\mimikatz-2.2.0-20200308\mimikatz\x64\kull_m_memory.obj
c:\users\juser\documents\development\mimikatz-2.2.0-samcats\mimikatz-2.2.0-20200308\mimikatz\x64\kull_m_net.obj
c:\users\juser\documents\development\mimikatz-2.2.0-samcats\mimikatz-2.2.0-20200308\mimikatz\x64\kull_m_ldap.obj
c:\users\juser\documents\development\mimikatz-2.2.0-samcats\mimikatz-2.2.0-20200308\mimikatz\x64\kull_m_key.obj
c:\users\juser\documents\development\mimikatz-2.2.0-samcats\mimikatz-2.2.0-20200308\mimikatz\x64\kull_m_kernel.obj
c:\users\juser\documents\development\mimikatz-2.2.0-samcats\mimikatz-2.2.0-20200308\mimikatz\x64\kull_m_hid.obj
c:\users\juser\documents\development\mimikatz-2.2.0-samcats\mimikatz-2.2.0-20200308\mimikatz\x64\kull_m_handle.obj
c:\users\juser\documents\development\mimikatz-2.2.0-samcats\mimikatz-2.2.0-20200308\mimikatz\x64\kull_m_file.obj
c:\users\juser\documents\development\mimikatz-2.2.0-samcats\mimikatz-2.2.0-20200308\mimikatz\x64\kull_m_dpapi.obj
c:\users\juser\documents\development\mimikatz-2.2.0-samcats\mimikatz-2.2.0-20200308\mimikatz\x64\kull_m_crypto_sk.obj
c:\users\juser\documents\development\mimikatz-2.2.0-samcats\mimikatz-2.2.0-20200308\mimikatz\x64\kull_m_crypto.obj
c:\users\juser\documents\development\mimikatz-2.2.0-samcats\mimikatz-2.2.0-20200308\mimikatz\x64\kull_m_cred.obj
c:\users\juser\documents\development\mimikatz-2.2.0-samcats\mimikatz-2.2.0-20200308\mimikatz\x64\kull_m_cabinet.obj
c:\users\juser\documents\development\mimikatz-2.2.0-samcats\mimikatz-2.2.0-20200308\mimikatz\x64\kull_m_busylight.obj
c:\users\juser\documents\development\mimikatz-2.2.0-samcats\mimikatz-2.2.0-20200308\mimikatz\x64\kull_m_asn1.obj
c:\users\juser\documents\development\mimikatz-2.2.0-samcats\mimikatz-2.2.0-20200308\mimikatz\x64\kull_m_acr.obj
c:\users\juser\documents\development\mimikatz-2.2.0-samcats\mimikatz-2.2.0-20200308\mimikatz\x64\kull_m_xml.obj
c:\users\juser\documents\development\mimikatz-2.2.0-samcats\mimikatz-2.2.0-20200308\mimikatz\x64\kull_m_token.obj
c:\users\juser\documents\development\mimikatz-2.2.0-samcats\mimikatz-2.2.0-20200308\mimikatz\x64\kull_m_string.obj
c:\users\juser\documents\development\mimikatz-2.2.0-samcats\mimikatz-2.2.0-20200308\mimikatz\x64\kull_m_service.obj
c:\users\juser\documents\development\mimikatz-2.2.0-samcats\mimikatz-2.2.0-20200308\mimikatz\x64\kull_m_rpc_ms-pac.obj
c:\users\juser\documents\development\mimikatz-2.2.0-samcats\mimikatz-2.2.0-20200308\mimikatz\x64\kull_m_rpc_ms-drsr_c.obj
c:\users\juser\documents\development\mimikatz-2.2.0-samcats\mimikatz-2.2.0-20200308\mimikatz\x64\kull_m_rpc_ms-credentialkeys.obj
c:\users\juser\documents\development\mimikatz-2.2.0-samcats\mimikatz-2.2.0-20200308\mimikatz\x64\kull_m_rpc_ms-claims.obj
c:\users\juser\documents\development\mimikatz-2.2.0-samcats\mimikatz-2.2.0-20200308\mimikatz\x64\kull_m_rpc_ms-bkrp_c.obj
c:\users\juser\documents\development\mimikatz-2.2.0-samcats\mimikatz-2.2.0-20200308\mimikatz\x64\kull_m_rpc_mimicom.obj
c:\users\juser\documents\development\mimikatz-2.2.0-samcats\mimikatz-2.2.0-20200308\mimikatz\x64\kull_m_rpc_drsr.obj
c:\users\juser\documents\development\mimikatz-2.2.0-samcats\mimikatz-2.2.0-20200308\mimikatz\x64\kull_m_rpc_dpapi-entries.obj
c:\users\juser\documents\development\mimikatz-2.2.0-samcats\mimikatz-2.2.0-20200308\mimikatz\x64\kull_m_rpc_bkrp.obj
c:\users\juser\documents\development\mimikatz-2.2.0-samcats\mimikatz-2.2.0-20200308\mimikatz\x64\kull_m_rpc.obj
c:\users\juser\documents\development\mimikatz-2.2.0-samcats\mimikatz-2.2.0-20200308\mimikatz\x64\kull_m_sr98.obj
c:\users\juser\documents\development\mimikatz-2.2.0-samcats\mimikatz-2.2.0-20200308\mimikatz\x64\kull_m_remotelib.obj
c:\users\juser\documents\development\mimikatz-2.2.0-samcats\mimikatz-2.2.0-20200308\mimikatz\x64\kull_m_registry.obj
c:\users\juser\documents\development\mimikatz-2.2.0-samcats\mimikatz-2.2.0-20200308\mimikatz\x64\kull_m_rdm.obj
c:\users\juser\documents\development\mimikatz-2.2.0-samcats\mimikatz-2.2.0-20200308\mimikatz\x64\kull_m_process.obj
c:\users\juser\documents\development\mimikatz-2.2.0-samcats\mimikatz-2.2.0-20200308\mimikatz\x64\kull_m_pn532.obj
c:\users\juser\documents\development\mimikatz-2.2.0-samcats\mimikatz-2.2.0-20200308\mimikatz\x64\kuhl_m_kerberos_ticket.obj
c:\users\juser\documents\development\mimikatz-2.2.0-samcats\mimikatz-2.2.0-20200308\mimikatz\x64\kuhl_m_kerberos_pac.obj
c:\users\juser\documents\development\mimikatz-2.2.0-samcats\mimikatz-2.2.0-20200308\mimikatz\x64\kuhl_m_kerberos_claims.obj
c:\users\juser\documents\development\mimikatz-2.2.0-samcats\mimikatz-2.2.0-20200308\mimikatz\x64\kuhl_m_kerberos_ccache.obj
c:\users\juser\documents\development\mimikatz-2.2.0-samcats\mimikatz-2.2.0-20200308\mimikatz\x64\kuhl_m_kerberos.obj
c:\users\juser\documents\development\mimikatz-2.2.0-samcats\mimikatz-2.2.0-20200308\mimikatz\x64\kuhl_m_dpapi_wlan.obj
c:\users\juser\documents\development\mimikatz-2.2.0-samcats\mimikatz-2.2.0-20200308\mimikatz\x64\kuhl_m_dpapi_ssh.obj
c:\users\juser\documents\development\mimikatz-2.2.0-samcats\mimikatz-2.2.0-20200308\mimikatz\x64\kuhl_m_dpapi_rdg.obj
c:\users\juser\documents\development\mimikatz-2.2.0-samcats\mimikatz-2.2.0-20200308\mimikatz\x64\kuhl_m_dpapi_powershell.obj
c:\users\juser\documents\development\mimikatz-2.2.0-samcats\mimikatz-2.2.0-20200308\mimikatz\x64\kuhl_m_dpapi_lunahsm.obj
c:\users\juser\documents\development\mimikatz-2.2.0-samcats\mimikatz-2.2.0-20200308\mimikatz\x64\kuhl_m_dpapi_keys.obj
c:\users\juser\documents\development\mimikatz-2.2.0-samcats\mimikatz-2.2.0-20200308\mimikatz\x64\kuhl_m_dpapi_creds.obj
c:\users\juser\documents\development\mimikatz-2.2.0-samcats\mimikatz-2.2.0-20200308\mimikatz\x64\kuhl_m_dpapi_chrome.obj
c:\users\juser\documents\development\mimikatz-2.2.0-samcats\mimikatz-2.2.0-20200308\mimikatz\x64\kuhl_m_dpapi_oe.obj
c:\users\juser\documents\development\mimikatz-2.2.0-samcats\mimikatz-2.2.0-20200308\mimikatz\x64\kuhl_m_dpapi.obj
c:\users\juser\documents\development\mimikatz-2.2.0-samcats\mimikatz-2.2.0-20200308\mimikatz\x64\kuhl_m_crypto_sc.obj
c:\users\juser\documents\development\mimikatz-2.2.0-samcats\mimikatz-2.2.0-20200308\mimikatz\x64\kuhl_m_crypto_pki.obj
c:\users\juser\documents\development\mimikatz-2.2.0-samcats\mimikatz-2.2.0-20200308\mimikatz\x64\kuhl_m_crypto_patch.obj
c:\users\juser\documents\development\mimikatz-2.2.0-samcats\mimikatz-2.2.0-20200308\mimikatz\x64\kuhl_m_crypto_extractor.obj
c:\users\juser\documents\development\mimikatz-2.2.0-samcats\mimikatz-2.2.0-20200308\mimikatz\x64\mimikatz.obj
c:\users\juser\documents\development\mimikatz-2.2.0-samcats\mimikatz-2.2.0-20200308\mimikatz\x64\kuhl_m_sysenvvalue.obj
c:\users\juser\documents\development\mimikatz-2.2.0-samcats\mimikatz-2.2.0-20200308\mimikatz\x64\kuhl_m_standard.obj
c:\users\juser\documents\development\mimikatz-2.2.0-samcats\mimikatz-2.2.0-20200308\mimikatz\x64\kuhl_m_sid.obj
c:\users\juser\documents\development\mimikatz-2.2.0-samcats\mimikatz-2.2.0-20200308\mimikatz\x64\kuhl_m_service_remote.obj
c:\users\juser\documents\development\mimikatz-2.2.0-samcats\mimikatz-2.2.0-20200308\mimikatz\x64\kuhl_m_service.obj
c:\users\juser\documents\development\mimikatz-2.2.0-samcats\mimikatz-2.2.0-20200308\mimikatz\x64\kuhl_m_rpc.obj
c:\users\juser\documents\development\mimikatz-2.2.0-samcats\mimikatz-2.2.0-20200308\mimikatz\x64\kuhl_m_sr98.obj
c:\users\juser\documents\development\mimikatz-2.2.0-samcats\mimikatz-2.2.0-20200308\mimikatz\x64\kuhl_m_rdm.obj
c:\users\juser\documents\development\mimikatz-2.2.0-samcats\mimikatz-2.2.0-20200308\mimikatz\x64\kuhl_m_process.obj
c:\users\juser\documents\development\mimikatz-2.2.0-samcats\mimikatz-2.2.0-20200308\mimikatz\x64\kuhl_m_privilege.obj
c:\users\juser\documents\development\mimikatz-2.2.0-samcats\mimikatz-2.2.0-20200308\mimikatz\x64\kuhl_m_net.obj
c:\users\juser\documents\development\mimikatz-2.2.0-samcats\mimikatz-2.2.0-20200308\mimikatz\x64\kuhl_m_misc.obj
c:\users\juser\documents\development\mimikatz-2.2.0-samcats\mimikatz-2.2.0-20200308\mimikatz\x64\kuhl_m_lsadump_remote.obj
c:\users\juser\documents\development\mimikatz-2.2.0-samcats\mimikatz-2.2.0-20200308\mimikatz\x64\kuhl_m_lsadump.obj
c:\users\juser\documents\development\mimikatz-2.2.0-samcats\mimikatz-2.2.0-20200308\mimikatz\x64\kuhl_m_kernel.obj
c:\users\juser\documents\development\mimikatz-2.2.0-samcats\mimikatz-2.2.0-20200308\mimikatz\x64\kuhl_m_iis.obj
c:\users\juser\documents\development\mimikatz-2.2.0-samcats\mimikatz-2.2.0-20200308\mimikatz\x64\kuhl_m_event.obj
c:\users\juser\documents\development\mimikatz-2.2.0-samcats\mimikatz-2.2.0-20200308\mimikatz\x64\kuhl_m_crypto.obj
c:\users\juser\documents\development\mimikatz-2.2.0-samcats\mimikatz-2.2.0-20200308\mimikatz\x64\kuhl_m_busylight.obj
c:\users\juser\documents\development\mimikatz-2.2.0-samcats\mimikatz-2.2.0-20200308\mimikatz\x64\kuhl_m_acr.obj
c:\users\juser\documents\development\mimikatz-2.2.0-samcats\mimikatz-2.2.0-20200308\mimikatz\x64\kuhl_m_sekurlsa_wdigest.obj
c:\users\juser\documents\development\mimikatz-2.2.0-samcats\mimikatz-2.2.0-20200308\mimikatz\x64\kuhl_m_sekurlsa_tspkg.obj
c:\users\juser\documents\development\mimikatz-2.2.0-samcats\mimikatz-2.2.0-20200308\mimikatz\x64\kuhl_m_sekurlsa_ssp.obj
c:\users\juser\documents\development\mimikatz-2.2.0-samcats\mimikatz-2.2.0-20200308\mimikatz\x64\kuhl_m_sekurlsa_msv1_0.obj
c:\users\juser\documents\development\mimikatz-2.2.0-samcats\mimikatz-2.2.0-20200308\mimikatz\x64\kuhl_m_sekurlsa_livessp.obj
c:\users\juser\documents\development\mimikatz-2.2.0-samcats\mimikatz-2.2.0-20200308\mimikatz\x64\kuhl_m_sekurlsa_kerberos.obj
c:\users\juser\documents\development\mimikatz-2.2.0-samcats\mimikatz-2.2.0-20200308\mimikatz\x64\kuhl_m_sekurlsa_dpapi.obj
c:\users\juser\documents\development\mimikatz-2.2.0-samcats\mimikatz-2.2.0-20200308\mimikatz\x64\kuhl_m_sekurlsa_credman.obj
c:\users\juser\documents\development\mimikatz-2.2.0-samcats\mimikatz-2.2.0-20200308\mimikatz\x64\kuhl_m_sekurlsa_utils.obj
c:\users\juser\documents\development\mimikatz-2.2.0-samcats\mimikatz-2.2.0-20200308\mimikatz\x64\kuhl_m_sekurlsa_sk.obj
c:\users\juser\documents\development\mimikatz-2.2.0-samcats\mimikatz-2.2.0-20200308\mimikatz\x64\kuhl_m_sekurlsa.obj
c:\users\juser\documents\development\mimikatz-2.2.0-samcats\mimikatz-2.2.0-20200308\mimikatz\x64\kuhl_m_sekurlsa_nt6.obj
c:\users\juser\documents\development\mimikatz-2.2.0-samcats\mimikatz-2.2.0-20200308\mimikatz\x64\kuhl_m_sekurlsa_nt5.obj
c:\users\juser\documents\development\mimikatz-2.2.0-samcats\mimikatz-2.2.0-20200308\mimikatz\x64\kuhl_m_lsadump_dc.obj
c:\users\juser\documents\development\mimikatz-2.2.0-samcats\mimikatz-2.2.0-20200308\mimikatz\x64\kuhl_m_minesweeper.obj
c:\users\juser\documents\development\mimikatz-2.2.0-samcats\mimikatz-2.2.0-20200308\mimikatz\x64\kuhl_m_vault.obj
c:\users\juser\documents\development\mimikatz-2.2.0-samcats\mimikatz-2.2.0-20200308\mimikatz\x64\kuhl_m_ts.obj
c:\users\juser\documents\development\mimikatz-2.2.0-samcats\mimikatz-2.2.0-20200308\mimikatz\x64\kuhl_m_token.obj
c:\users\juser\documents\development\mimikatz-2.2.0-samcats\mimikatz-2.2.0-20200308\mimikatz\x64\sqlite3.obj
c:\users\juser\documents\development\mimikatz-2.2.0-samcats\mimikatz-2.2.0-20200308\x64\mimikatz.exe
c:\users\juser\documents\development\mimikatz-2.2.0-samcats\mimikatz-2.2.0-20200308\mimikatz\x64\mimikatz.res
c:\users\test\source\repos\samcats-source\mimikatz\x64\kuhl_m_acr.obj
c:\users\test\source\repos\samcats-source\mimikatz\x64\kuhl_m_busylight.obj
c:\users\test\source\repos\samcats-source\mimikatz\x64\kuhl_m_crypto.obj
c:\users\test\source\repos\samcats-source\mimikatz\x64\kuhl_m_crypto_extractor.obj
c:\users\test\source\repos\samcats-source\mimikatz\x64\kuhl_m_crypto_patch.obj
c:\users\test\source\repos\samcats-source\mimikatz\x64\kuhl_m_crypto_pki.obj
c:\users\test\source\repos\samcats-source\mimikatz\x64\kuhl_m_crypto_sc.obj
c:\users\test\source\repos\samcats-source\mimikatz\x64\kuhl_m_dpapi.obj
c:\users\test\source\repos\samcats-source\mimikatz\x64\kuhl_m_dpapi_chrome.obj
c:\users\test\source\repos\samcats-source\mimikatz\x64\kuhl_m_dpapi_creds.obj
c:\users\test\source\repos\samcats-source\mimikatz\x64\kuhl_m_dpapi_keys.obj
c:\users\test\source\repos\samcats-source\mimikatz\x64\kuhl_m_dpapi_lunahsm.obj
c:\users\test\source\repos\samcats-source\mimikatz\x64\kuhl_m_dpapi_oe.obj
c:\users\test\source\repos\samcats-source\mimikatz\x64\kuhl_m_dpapi_powershell.obj
c:\users\test\source\repos\samcats-source\mimikatz\x64\kuhl_m_dpapi_rdg.obj
c:\users\test\source\repos\samcats-source\mimikatz\x64\kuhl_m_dpapi_ssh.obj
c:\users\test\source\repos\samcats-source\mimikatz\x64\kuhl_m_dpapi_wlan.obj
c:\users\test\source\repos\samcats-source\mimikatz\x64\kuhl_m_event.obj
c:\users\test\source\repos\samcats-source\mimikatz\x64\kuhl_m_iis.obj
c:\users\test\source\repos\samcats-source\mimikatz\x64\kuhl_m_kerberos.obj
c:\users\test\source\repos\samcats-source\mimikatz\x64\kuhl_m_kerberos_ccache.obj
c:\users\test\source\repos\samcats-source\mimikatz\x64\kuhl_m_kerberos_claims.obj
c:\users\test\source\repos\samcats-source\mimikatz\x64\kuhl_m_kerberos_pac.obj
c:\users\test\source\repos\samcats-source\mimikatz\x64\kuhl_m_kerberos_ticket.obj
c:\users\test\source\repos\samcats-source\mimikatz\x64\kuhl_m_kernel.obj
c:\users\test\source\repos\samcats-source\mimikatz\x64\kuhl_m_lsadump.obj
c:\users\test\source\repos\samcats-source\mimikatz\x64\kuhl_m_lsadump_dc.obj
c:\users\test\source\repos\samcats-source\mimikatz\x64\kuhl_m_lsadump_remote.obj
c:\users\test\source\repos\samcats-source\mimikatz\x64\kuhl_m_minesweeper.obj
c:\users\test\source\repos\samcats-source\mimikatz\x64\kuhl_m_misc.obj
c:\users\test\source\repos\samcats-source\mimikatz\x64\kuhl_m_net.obj
c:\users\test\source\repos\samcats-source\mimikatz\x64\kuhl_m_privilege.obj
c:\users\test\source\repos\samcats-source\mimikatz\x64\kuhl_m_process.obj
c:\users\test\source\repos\samcats-source\mimikatz\x64\kuhl_m_rdm.obj
c:\users\test\source\repos\samcats-source\mimikatz\x64\kuhl_m_rpc.obj
c:\users\test\source\repos\samcats-source\mimikatz\x64\kuhl_m_sekurlsa.obj
c:\users\test\source\repos\samcats-source\mimikatz\x64\kuhl_m_sekurlsa_credman.obj
c:\users\test\source\repos\samcats-source\mimikatz\x64\kuhl_m_sekurlsa_dpapi.obj
c:\users\test\source\repos\samcats-source\mimikatz\x64\kuhl_m_sekurlsa_kerberos.obj
c:\users\test\source\repos\samcats-source\mimikatz\x64\kuhl_m_sekurlsa_livessp.obj
c:\users\test\source\repos\samcats-source\mimikatz\x64\kuhl_m_sekurlsa_msv1_0.obj
c:\users\test\source\repos\samcats-source\mimikatz\x64\kuhl_m_sekurlsa_nt5.obj
c:\users\test\source\repos\samcats-source\mimikatz\x64\kuhl_m_sekurlsa_nt6.obj
c:\users\test\source\repos\samcats-source\mimikatz\x64\kuhl_m_sekurlsa_sk.obj
c:\users\test\source\repos\samcats-source\mimikatz\x64\kuhl_m_sekurlsa_ssp.obj
c:\users\test\source\repos\samcats-source\mimikatz\x64\kuhl_m_sekurlsa_tspkg.obj
c:\users\test\source\repos\samcats-source\mimikatz\x64\kuhl_m_sekurlsa_utils.obj
c:\users\test\source\repos\samcats-source\mimikatz\x64\kuhl_m_sekurlsa_wdigest.obj
c:\users\test\source\repos\samcats-source\mimikatz\x64\kuhl_m_service.obj
c:\users\test\source\repos\samcats-source\mimikatz\x64\kuhl_m_service_remote.obj
c:\users\test\source\repos\samcats-source\mimikatz\x64\kuhl_m_sid.obj
c:\users\test\source\repos\samcats-source\mimikatz\x64\kuhl_m_sr98.obj
c:\users\test\source\repos\samcats-source\mimikatz\x64\kuhl_m_standard.obj
c:\users\test\source\repos\samcats-source\mimikatz\x64\kuhl_m_sysenvvalue.obj
c:\users\test\source\repos\samcats-source\mimikatz\x64\kuhl_m_token.obj
c:\users\test\source\repos\samcats-source\mimikatz\x64\kuhl_m_ts.obj
c:\users\test\source\repos\samcats-source\mimikatz\x64\kuhl_m_vault.obj
c:\users\test\source\repos\samcats-source\mimikatz\x64\kull_m_acr.obj
c:\users\test\source\repos\samcats-source\mimikatz\x64\kull_m_asn1.obj
c:\users\test\source\repos\samcats-source\mimikatz\x64\kull_m_busylight.obj
c:\users\test\source\repos\samcats-source\mimikatz\x64\kull_m_cabinet.obj
c:\users\test\source\repos\samcats-source\mimikatz\x64\kull_m_cred.obj
c:\users\test\source\repos\samcats-source\mimikatz\x64\kull_m_crypto.obj
c:\users\test\source\repos\samcats-source\mimikatz\x64\kull_m_crypto_sk.obj
c:\users\test\source\repos\samcats-source\mimikatz\x64\kull_m_dpapi.obj
c:\users\test\source\repos\samcats-source\mimikatz\x64\kull_m_file.obj
c:\users\test\source\repos\samcats-source\mimikatz\x64\kull_m_handle.obj
c:\users\test\source\repos\samcats-source\mimikatz\x64\kull_m_hid.obj
c:\users\test\source\repos\samcats-source\mimikatz\x64\kull_m_kernel.obj
c:\users\test\source\repos\samcats-source\mimikatz\x64\kull_m_key.obj
c:\users\test\source\repos\samcats-source\mimikatz\x64\kull_m_ldap.obj
c:\users\test\source\repos\samcats-source\mimikatz\x64\kull_m_memory.obj
c:\users\test\source\repos\samcats-source\mimikatz\x64\kull_m_minidump.obj
c:\users\test\source\repos\samcats-source\mimikatz\x64\kull_m_net.obj
c:\users\test\source\repos\samcats-source\mimikatz\x64\kull_m_output.obj
c:\users\test\source\repos\samcats-source\mimikatz\x64\kull_m_patch.obj
c:\users\test\source\repos\samcats-source\mimikatz\x64\kull_m_pipe.obj
c:\users\test\source\repos\samcats-source\mimikatz\x64\kull_m_pn532.obj
c:\users\test\source\repos\samcats-source\mimikatz\x64\kull_m_process.obj
c:\users\test\source\repos\samcats-source\mimikatz\x64\kull_m_rdm.obj
c:\users\test\source\repos\samcats-source\mimikatz\x64\kull_m_registry.obj
c:\users\test\source\repos\samcats-source\mimikatz\x64\kull_m_remotelib.obj
c:\users\test\source\repos\samcats-source\mimikatz\x64\kull_m_rpc.obj
c:\users\test\source\repos\samcats-source\mimikatz\x64\kull_m_rpc_bkrp.obj
c:\users\test\source\repos\samcats-source\mimikatz\x64\kull_m_rpc_dpapi-entries.obj
c:\users\test\source\repos\samcats-source\mimikatz\x64\kull_m_rpc_drsr.obj
c:\users\test\source\repos\samcats-source\mimikatz\x64\kull_m_rpc_mimicom.obj
c:\users\test\source\repos\samcats-source\mimikatz\x64\kull_m_rpc_ms-bkrp_c.obj
c:\users\test\source\repos\samcats-source\mimikatz\x64\kull_m_rpc_ms-claims.obj
c:\users\test\source\repos\samcats-source\mimikatz\x64\kull_m_rpc_ms-credentialkeys.obj
c:\users\test\source\repos\samcats-source\mimikatz\x64\kull_m_rpc_ms-drsr_c.obj
c:\users\test\source\repos\samcats-source\mimikatz\x64\kull_m_rpc_ms-pac.obj
c:\users\test\source\repos\samcats-source\mimikatz\x64\kull_m_service.obj
c:\users\test\source\repos\samcats-source\mimikatz\x64\kull_m_sr98.obj
c:\users\test\source\repos\samcats-source\mimikatz\x64\kull_m_string.obj
c:\users\test\source\repos\samcats-source\mimikatz\x64\kull_m_token.obj
c:\users\test\source\repos\samcats-source\mimikatz\x64\kull_m_xml.obj
c:\users\test\source\repos\samcats-source\mimikatz\x64\mimikatz.obj
c:\users\test\source\repos\samcats-source\mimikatz\x64\sqlite3.obj
c:\users\test\source\repos\samcats-source\mimikatz\x64\mimikatz.res
c:\users\test\source\repos\samcats-source\mimikatz\x64\mimikatz.tlog\cl.command.1.tlog
c:\users\test\source\repos\samcats-source\mimikatz\x64\mimikatz.tlog\cl.read.1.tlog
c:\users\test\source\repos\samcats-source\mimikatz\x64\mimikatz.tlog\cl.write.1.tlog
c:\users\test\source\repos\samcats-source\mimikatz\x64\mimikatz.tlog\link.command.1.tlog
c:\users\test\source\repos\samcats-source\mimikatz\x64\mimikatz.tlog\link.read.1.tlog
c:\users\test\source\repos\samcats-source\mimikatz\x64\mimikatz.tlog\link.write.1.tlog
c:\users\test\source\repos\samcats-source\mimikatz\x64\mimikatz.tlog\rc.command.1.tlog
c:\users\test\source\repos\samcats-source\mimikatz\x64\mimikatz.tlog\rc.read.1.tlog
c:\users\test\source\repos\samcats-source\mimikatz\x64\mimikatz.tlog\rc.write.1.tlog
